00:40:37.464 [main] INFO  c.z.d.DividendServiceApplication - Starting DividendServiceApplication using Java 11.0.16 on MacBook-Pro.local with PID 11203 (/Users/sora/dev/dividend_service/build/classes/java/main started by sora in /Users/sora/dev/dividend_service)
00:40:37.466 [main] INFO  c.z.d.DividendServiceApplication - No active profile set, falling back to 1 default profile: "default"
00:40:38.200 [main] INFO  o.s.d.r.c.RepositoryConfigurationDelegate - Multiple Spring Data modules found, entering strict repository configuration mode
00:40:38.201 [main] INFO  o.s.d.r.c.RepositoryConfigurationDelegate - Bootstrapping Spring Data JPA repositories in DEFAULT mode.
00:40:38.267 [main] INFO  o.s.d.r.c.RepositoryConfigurationDelegate - Finished Spring Data repository scanning in 58 ms. Found 3 JPA repository interfaces.
00:40:38.284 [main] INFO  o.s.d.r.c.RepositoryConfigurationDelegate - Multiple Spring Data modules found, entering strict repository configuration mode
00:40:38.285 [main] INFO  o.s.d.r.c.RepositoryConfigurationDelegate - Bootstrapping Spring Data Redis repositories in DEFAULT mode.
00:40:38.301 [main] INFO  o.s.d.r.c.RepositoryConfigurationExtensionSupport - Spring Data Redis - Could not safely identify store assignment for repository candidate interface repository.persist.com.rara.dividend.CompanyRepository; If you want this repository to be a Redis repository, consider annotating your entities with one of these annotations: org.springframework.data.redis.core.RedisHash (preferred), or consider extending one of the following types with your repository: org.springframework.data.keyvalue.repository.KeyValueRepository
00:40:38.303 [main] INFO  o.s.d.r.c.RepositoryConfigurationExtensionSupport - Spring Data Redis - Could not safely identify store assignment for repository candidate interface repository.persist.com.rara.dividend.DividendRepository; If you want this repository to be a Redis repository, consider annotating your entities with one of these annotations: org.springframework.data.redis.core.RedisHash (preferred), or consider extending one of the following types with your repository: org.springframework.data.keyvalue.repository.KeyValueRepository
00:40:38.304 [main] INFO  o.s.d.r.c.RepositoryConfigurationExtensionSupport - Spring Data Redis - Could not safely identify store assignment for repository candidate interface repository.persist.com.rara.dividend.MemberRepository; If you want this repository to be a Redis repository, consider annotating your entities with one of these annotations: org.springframework.data.redis.core.RedisHash (preferred), or consider extending one of the following types with your repository: org.springframework.data.keyvalue.repository.KeyValueRepository
00:40:38.304 [main] INFO  o.s.d.r.c.RepositoryConfigurationDelegate - Finished Spring Data repository scanning in 7 ms. Found 0 Redis repository interfaces.
00:40:38.859 [main] INFO  o.s.b.w.e.tomcat.TomcatWebServer - Tomcat initialized with port(s): 8080 (http)
00:40:38.867 [main] INFO  o.a.coyote.http11.Http11NioProtocol - Initializing ProtocolHandler ["http-nio-8080"]
00:40:38.868 [main] INFO  o.a.catalina.core.StandardService - Starting service [Tomcat]
00:40:38.868 [main] INFO  o.a.catalina.core.StandardEngine - Starting Servlet engine: [Apache Tomcat/9.0.65]
00:40:38.946 [main] INFO  o.a.c.c.C.[Tomcat].[localhost].[/] - Initializing Spring embedded WebApplicationContext
00:40:38.946 [main] INFO  o.s.b.w.s.c.ServletWebServerApplicationContext - Root WebApplicationContext: initialization completed in 1441 ms
00:40:38.973 [main] INFO  com.zaxxer.hikari.HikariDataSource - HikariPool-1 - Starting...
00:40:39.119 [main] INFO  com.zaxxer.hikari.HikariDataSource - HikariPool-1 - Start completed.
00:40:39.131 [main] INFO  o.s.b.a.h.H2ConsoleAutoConfiguration - H2 console available at '/h2-console'. Database available at 'jdbc:h2:mem:zerobase'
00:40:39.281 [main] INFO  o.h.jpa.internal.util.LogHelper - HHH000204: Processing PersistenceUnitInfo [name: default]
00:40:39.335 [main] INFO  org.hibernate.Version - HHH000412: Hibernate ORM core version 5.6.10.Final
00:40:39.498 [main] INFO  o.h.annotations.common.Version - HCANN000001: Hibernate Commons Annotations {5.1.2.Final}
00:40:39.611 [main] INFO  org.hibernate.dialect.Dialect - HHH000400: Using dialect: org.hibernate.dialect.H2Dialect
00:40:40.147 [main] INFO  o.h.e.t.j.p.i.JtaPlatformInitiator - HHH000490: Using JtaPlatform implementation: [org.hibernate.engine.transaction.jta.platform.internal.NoJtaPlatform]
00:40:40.155 [main] INFO  o.s.o.j.LocalContainerEntityManagerFactoryBean - Initialized JPA EntityManagerFactory for persistence unit 'default'
00:40:40.941 [main] WARN  o.s.b.a.o.j.JpaBaseConfiguration$JpaWebConfiguration - spring.jpa.open-in-view is enabled by default. Therefore, database queries may be performed during view rendering. Explicitly configure spring.jpa.open-in-view to disable this warning
00:40:41.044 [main] WARN  o.s.s.c.a.web.builders.WebSecurity - You are asking Spring Security to ignore Ant [pattern='/h2-console/**']. This is not recommended -- please use permitAll via HttpSecurity#authorizeHttpRequests instead.
00:40:41.044 [main] INFO  o.s.s.web.DefaultSecurityFilterChain - Will not secure Ant [pattern='/h2-console/**']
00:40:41.076 [main] INFO  o.s.s.web.DefaultSecurityFilterChain - Will secure any request with [org.springframework.security.web.session.DisableEncodeUrlFilter@1f229c40, org.springframework.security.web.context.request.async.WebAsyncManagerIntegrationFilter@215404a1, org.springframework.security.web.context.SecurityContextPersistenceFilter@52ab003b, org.springframework.security.web.header.HeaderWriterFilter@7a7bd9a8, org.springframework.security.web.authentication.logout.LogoutFilter@6f26e775, security.com.rara.dividend.JwtAuthenticationFilter@71cc0e35, org.springframework.security.web.savedrequest.RequestCacheAwareFilter@7c1c0892, org.springframework.security.web.servletapi.SecurityContextHolderAwareRequestFilter@501b296a, org.springframework.security.web.authentication.AnonymousAuthenticationFilter@391b03b, org.springframework.security.web.session.SessionManagementFilter@7e27b77a, org.springframework.security.web.access.ExceptionTranslationFilter@6eae3730, org.springframework.security.web.access.intercept.AuthorizationFilter@10df1f34]
00:40:41.565 [main] INFO  o.a.coyote.http11.Http11NioProtocol - Starting ProtocolHandler ["http-nio-8080"]
00:40:41.585 [main] INFO  o.s.b.w.e.tomcat.TomcatWebServer - Tomcat started on port(s): 8080 (http) with context path ''
00:40:41.599 [main] INFO  c.z.d.DividendServiceApplication - Started DividendServiceApplication in 4.499 seconds (JVM running for 5.081)
00:42:28.683 [SpringApplicationShutdownHook] INFO  o.s.o.j.LocalContainerEntityManagerFactoryBean - Closing JPA EntityManagerFactory for persistence unit 'default'
00:42:28.690 [SpringApplicationShutdownHook] INFO  com.zaxxer.hikari.HikariDataSource - HikariPool-1 - Shutdown initiated...
00:42:28.697 [SpringApplicationShutdownHook] INFO  com.zaxxer.hikari.HikariDataSource - HikariPool-1 - Shutdown completed.
