02:24:16.598 [main] INFO  c.z.d.DividendServiceApplication - Starting DividendServiceApplication using Java 11.0.16 on MacBook-Pro.local with PID 34140 (/Users/sora/dev/dividend_service/build/classes/java/main started by sora in /Users/sora/dev/dividend_service)
02:24:16.604 [main] INFO  c.z.d.DividendServiceApplication - No active profile set, falling back to 1 default profile: "default"
02:24:17.673 [main] INFO  o.s.d.r.c.RepositoryConfigurationDelegate - Multiple Spring Data modules found, entering strict repository configuration mode
02:24:17.674 [main] INFO  o.s.d.r.c.RepositoryConfigurationDelegate - Bootstrapping Spring Data JPA repositories in DEFAULT mode.
02:24:17.748 [main] INFO  o.s.d.r.c.RepositoryConfigurationDelegate - Finished Spring Data repository scanning in 65 ms. Found 3 JPA repository interfaces.
02:24:17.764 [main] INFO  o.s.d.r.c.RepositoryConfigurationDelegate - Multiple Spring Data modules found, entering strict repository configuration mode
02:24:17.765 [main] INFO  o.s.d.r.c.RepositoryConfigurationDelegate - Bootstrapping Spring Data Redis repositories in DEFAULT mode.
02:24:17.779 [main] INFO  o.s.d.r.c.RepositoryConfigurationExtensionSupport - Spring Data Redis - Could not safely identify store assignment for repository candidate interface repository.persist.com.rara.dividend.CompanyRepository; If you want this repository to be a Redis repository, consider annotating your entities with one of these annotations: org.springframework.data.redis.core.RedisHash (preferred), or consider extending one of the following types with your repository: org.springframework.data.keyvalue.repository.KeyValueRepository
02:24:17.780 [main] INFO  o.s.d.r.c.RepositoryConfigurationExtensionSupport - Spring Data Redis - Could not safely identify store assignment for repository candidate interface repository.persist.com.rara.dividend.DividendRepository; If you want this repository to be a Redis repository, consider annotating your entities with one of these annotations: org.springframework.data.redis.core.RedisHash (preferred), or consider extending one of the following types with your repository: org.springframework.data.keyvalue.repository.KeyValueRepository
02:24:17.781 [main] INFO  o.s.d.r.c.RepositoryConfigurationExtensionSupport - Spring Data Redis - Could not safely identify store assignment for repository candidate interface repository.persist.com.rara.dividend.MemberRepository; If you want this repository to be a Redis repository, consider annotating your entities with one of these annotations: org.springframework.data.redis.core.RedisHash (preferred), or consider extending one of the following types with your repository: org.springframework.data.keyvalue.repository.KeyValueRepository
02:24:17.781 [main] INFO  o.s.d.r.c.RepositoryConfigurationDelegate - Finished Spring Data repository scanning in 6 ms. Found 0 Redis repository interfaces.
02:24:18.425 [main] INFO  o.s.b.w.e.tomcat.TomcatWebServer - Tomcat initialized with port(s): 8080 (http)
02:24:18.436 [main] INFO  o.a.coyote.http11.Http11NioProtocol - Initializing ProtocolHandler ["http-nio-8080"]
02:24:18.436 [main] INFO  o.a.catalina.core.StandardService - Starting service [Tomcat]
02:24:18.436 [main] INFO  o.a.catalina.core.StandardEngine - Starting Servlet engine: [Apache Tomcat/9.0.65]
02:24:18.535 [main] INFO  o.a.c.c.C.[Tomcat].[localhost].[/] - Initializing Spring embedded WebApplicationContext
02:24:18.535 [main] INFO  o.s.b.w.s.c.ServletWebServerApplicationContext - Root WebApplicationContext: initialization completed in 1876 ms
02:24:18.565 [main] INFO  com.zaxxer.hikari.HikariDataSource - HikariPool-1 - Starting...
02:24:18.671 [main] INFO  com.zaxxer.hikari.HikariDataSource - HikariPool-1 - Start completed.
02:24:18.688 [main] INFO  o.s.b.a.h.H2ConsoleAutoConfiguration - H2 console available at '/h2-console'. Database available at 'jdbc:h2:mem:zerobase'
02:24:18.874 [main] INFO  o.h.jpa.internal.util.LogHelper - HHH000204: Processing PersistenceUnitInfo [name: default]
02:24:18.943 [main] INFO  org.hibernate.Version - HHH000412: Hibernate ORM core version 5.6.10.Final
02:24:19.073 [main] INFO  o.h.annotations.common.Version - HCANN000001: Hibernate Commons Annotations {5.1.2.Final}
02:24:19.186 [main] INFO  org.hibernate.dialect.Dialect - HHH000400: Using dialect: org.hibernate.dialect.H2Dialect
02:24:19.816 [main] INFO  o.h.e.t.j.p.i.JtaPlatformInitiator - HHH000490: Using JtaPlatform implementation: [org.hibernate.engine.transaction.jta.platform.internal.NoJtaPlatform]
02:24:19.827 [main] INFO  o.s.o.j.LocalContainerEntityManagerFactoryBean - Initialized JPA EntityManagerFactory for persistence unit 'default'
02:24:20.592 [main] WARN  o.s.b.a.o.j.JpaBaseConfiguration$JpaWebConfiguration - spring.jpa.open-in-view is enabled by default. Therefore, database queries may be performed during view rendering. Explicitly configure spring.jpa.open-in-view to disable this warning
02:24:21.036 [main] WARN  o.s.s.c.a.web.builders.WebSecurity - You are asking Spring Security to ignore Ant [pattern='/h2-console/**']. This is not recommended -- please use permitAll via HttpSecurity#authorizeHttpRequests instead.
02:24:21.039 [main] INFO  o.s.s.web.DefaultSecurityFilterChain - Will not secure Ant [pattern='/h2-console/**']
02:24:21.088 [main] INFO  o.s.s.web.DefaultSecurityFilterChain - Will secure any request with [org.springframework.security.web.session.DisableEncodeUrlFilter@36f1bd7e, org.springframework.security.web.context.request.async.WebAsyncManagerIntegrationFilter@1c2273f6, org.springframework.security.web.context.SecurityContextPersistenceFilter@4b407ac7, org.springframework.security.web.header.HeaderWriterFilter@4ff00844, org.springframework.security.web.authentication.logout.LogoutFilter@66d766b9, security.com.rara.dividend.JwtAuthenticationFilter@68fc1e7f, org.springframework.security.web.savedrequest.RequestCacheAwareFilter@5578ed7e, org.springframework.security.web.servletapi.SecurityContextHolderAwareRequestFilter@66be0e72, org.springframework.security.web.authentication.AnonymousAuthenticationFilter@411e567e, org.springframework.security.web.session.SessionManagementFilter@58fbecde, org.springframework.security.web.access.ExceptionTranslationFilter@606d2a92, org.springframework.security.web.access.intercept.AuthorizationFilter@506d7fed]
02:24:21.592 [main] INFO  o.a.coyote.http11.Http11NioProtocol - Starting ProtocolHandler ["http-nio-8080"]
02:24:21.617 [main] INFO  o.s.b.w.e.tomcat.TomcatWebServer - Tomcat started on port(s): 8080 (http) with context path ''
02:24:21.829 [main] INFO  c.z.d.DividendServiceApplication - Started DividendServiceApplication in 5.767 seconds (JVM running for 6.548)
02:24:58.307 [http-nio-8080-exec-2] INFO  o.a.c.c.C.[Tomcat].[localhost].[/] - Initializing Spring DispatcherServlet 'dispatcherServlet'
02:24:58.308 [http-nio-8080-exec-2] INFO  o.s.web.servlet.DispatcherServlet - Initializing Servlet 'dispatcherServlet'
02:24:58.310 [http-nio-8080-exec-2] INFO  o.s.web.servlet.DispatcherServlet - Completed initialization in 1 ms
02:25:03.457 [http-nio-8080-exec-3] INFO  c.z.d.controller.AuthController - user login -> jenny
02:25:15.525 [http-nio-8080-exec-4] INFO  c.z.d.s.JwtAuthenticationFilter - [jenny] -> /company
02:25:33.204 [http-nio-8080-exec-5] INFO  c.z.d.s.JwtAuthenticationFilter - [jenny] -> /finance/dividend/3M%20C
02:25:33.539 [http-nio-8080-exec-5] INFO  c.z.d.s.impl.FinanceServiceImpl - search company -> 3M C
02:25:40.374 [http-nio-8080-exec-7] INFO  c.z.d.s.JwtAuthenticationFilter - [jenny] -> /finance/dividend/3M%20Company
02:25:40.380 [http-nio-8080-exec-7] INFO  c.z.d.s.impl.FinanceServiceImpl - search company -> 3M Company
02:25:54.653 [http-nio-8080-exec-8] INFO  c.z.d.s.JwtAuthenticationFilter - [jenny] -> /company/MMM
02:29:17.343 [SpringApplicationShutdownHook] INFO  o.s.o.j.LocalContainerEntityManagerFactoryBean - Closing JPA EntityManagerFactory for persistence unit 'default'
02:29:17.372 [SpringApplicationShutdownHook] INFO  com.zaxxer.hikari.HikariDataSource - HikariPool-1 - Shutdown initiated...
02:29:17.381 [SpringApplicationShutdownHook] INFO  com.zaxxer.hikari.HikariDataSource - HikariPool-1 - Shutdown completed.
13:06:12.875 [main] INFO  c.r.d.DividendServiceApplication - Starting DividendServiceApplication using Java 11.0.16 on MacBook-Pro.local with PID 94400 (/Users/sora/dev/dividend_service/build/classes/java/main started by sora in /Users/sora/dev/dividend_service)
13:06:12.878 [main] INFO  c.r.d.DividendServiceApplication - No active profile set, falling back to 1 default profile: "default"
13:06:13.973 [main] INFO  o.s.d.r.c.RepositoryConfigurationDelegate - Multiple Spring Data modules found, entering strict repository configuration mode
13:06:13.973 [main] INFO  o.s.d.r.c.RepositoryConfigurationDelegate - Bootstrapping Spring Data JPA repositories in DEFAULT mode.
13:06:14.055 [main] INFO  o.s.d.r.c.RepositoryConfigurationDelegate - Finished Spring Data repository scanning in 73 ms. Found 3 JPA repository interfaces.
13:06:14.076 [main] INFO  o.s.d.r.c.RepositoryConfigurationDelegate - Multiple Spring Data modules found, entering strict repository configuration mode
13:06:14.078 [main] INFO  o.s.d.r.c.RepositoryConfigurationDelegate - Bootstrapping Spring Data Redis repositories in DEFAULT mode.
13:06:14.098 [main] INFO  o.s.d.r.c.RepositoryConfigurationExtensionSupport - Spring Data Redis - Could not safely identify store assignment for repository candidate interface com.rara.dividend.persist.repository.CompanyRepository; If you want this repository to be a Redis repository, consider annotating your entities with one of these annotations: org.springframework.data.redis.core.RedisHash (preferred), or consider extending one of the following types with your repository: org.springframework.data.keyvalue.repository.KeyValueRepository
13:06:14.099 [main] INFO  o.s.d.r.c.RepositoryConfigurationExtensionSupport - Spring Data Redis - Could not safely identify store assignment for repository candidate interface com.rara.dividend.persist.repository.DividendRepository; If you want this repository to be a Redis repository, consider annotating your entities with one of these annotations: org.springframework.data.redis.core.RedisHash (preferred), or consider extending one of the following types with your repository: org.springframework.data.keyvalue.repository.KeyValueRepository
13:06:14.101 [main] INFO  o.s.d.r.c.RepositoryConfigurationExtensionSupport - Spring Data Redis - Could not safely identify store assignment for repository candidate interface com.rara.dividend.persist.repository.MemberRepository; If you want this repository to be a Redis repository, consider annotating your entities with one of these annotations: org.springframework.data.redis.core.RedisHash (preferred), or consider extending one of the following types with your repository: org.springframework.data.keyvalue.repository.KeyValueRepository
13:06:14.101 [main] INFO  o.s.d.r.c.RepositoryConfigurationDelegate - Finished Spring Data repository scanning in 8 ms. Found 0 Redis repository interfaces.
13:06:14.860 [main] INFO  o.s.b.w.e.tomcat.TomcatWebServer - Tomcat initialized with port(s): 8080 (http)
13:06:14.872 [main] INFO  o.a.coyote.http11.Http11NioProtocol - Initializing ProtocolHandler ["http-nio-8080"]
13:06:14.873 [main] INFO  o.a.catalina.core.StandardService - Starting service [Tomcat]
13:06:14.873 [main] INFO  o.a.catalina.core.StandardEngine - Starting Servlet engine: [Apache Tomcat/9.0.65]
13:06:15.032 [main] INFO  o.a.c.c.C.[Tomcat].[localhost].[/] - Initializing Spring embedded WebApplicationContext
13:06:15.032 [main] INFO  o.s.b.w.s.c.ServletWebServerApplicationContext - Root WebApplicationContext: initialization completed in 2048 ms
13:06:15.069 [main] INFO  com.zaxxer.hikari.HikariDataSource - HikariPool-1 - Starting...
13:06:15.270 [main] INFO  com.zaxxer.hikari.HikariDataSource - HikariPool-1 - Start completed.
13:06:15.287 [main] INFO  o.s.b.a.h.H2ConsoleAutoConfiguration - H2 console available at '/h2-console'. Database available at 'jdbc:h2:mem:zerobase'
13:06:15.489 [main] INFO  o.h.jpa.internal.util.LogHelper - HHH000204: Processing PersistenceUnitInfo [name: default]
13:06:15.558 [main] INFO  org.hibernate.Version - HHH000412: Hibernate ORM core version 5.6.10.Final
13:06:15.782 [main] INFO  o.h.annotations.common.Version - HCANN000001: Hibernate Commons Annotations {5.1.2.Final}
13:06:15.897 [main] INFO  org.hibernate.dialect.Dialect - HHH000400: Using dialect: org.hibernate.dialect.H2Dialect
13:06:16.811 [main] INFO  o.h.e.t.j.p.i.JtaPlatformInitiator - HHH000490: Using JtaPlatform implementation: [org.hibernate.engine.transaction.jta.platform.internal.NoJtaPlatform]
13:06:16.824 [main] INFO  o.s.o.j.LocalContainerEntityManagerFactoryBean - Initialized JPA EntityManagerFactory for persistence unit 'default'
13:06:17.819 [main] WARN  o.s.b.a.o.j.JpaBaseConfiguration$JpaWebConfiguration - spring.jpa.open-in-view is enabled by default. Therefore, database queries may be performed during view rendering. Explicitly configure spring.jpa.open-in-view to disable this warning
13:06:18.365 [main] WARN  o.s.s.c.a.web.builders.WebSecurity - You are asking Spring Security to ignore Ant [pattern='/h2-console/**']. This is not recommended -- please use permitAll via HttpSecurity#authorizeHttpRequests instead.
13:06:18.366 [main] INFO  o.s.s.web.DefaultSecurityFilterChain - Will not secure Ant [pattern='/h2-console/**']
13:06:18.403 [main] INFO  o.s.s.web.DefaultSecurityFilterChain - Will secure any request with [org.springframework.security.web.session.DisableEncodeUrlFilter@38276668, org.springframework.security.web.context.request.async.WebAsyncManagerIntegrationFilter@e09c7a2, org.springframework.security.web.context.SecurityContextPersistenceFilter@6023b54f, org.springframework.security.web.header.HeaderWriterFilter@5dcec8e9, org.springframework.security.web.authentication.logout.LogoutFilter@58fbecde, com.rara.dividend.security.JwtAuthenticationFilter@3d00e981, org.springframework.security.web.savedrequest.RequestCacheAwareFilter@15e881c0, org.springframework.security.web.servletapi.SecurityContextHolderAwareRequestFilter@57f1fbae, org.springframework.security.web.authentication.AnonymousAuthenticationFilter@2688b2be, org.springframework.security.web.session.SessionManagementFilter@5c450960, org.springframework.security.web.access.ExceptionTranslationFilter@509e0253, org.springframework.security.web.access.intercept.AuthorizationFilter@158b8d10]
13:06:18.956 [main] INFO  o.a.coyote.http11.Http11NioProtocol - Starting ProtocolHandler ["http-nio-8080"]
13:06:18.987 [main] INFO  o.s.b.w.e.tomcat.TomcatWebServer - Tomcat started on port(s): 8080 (http) with context path ''
13:06:19.044 [main] INFO  c.r.d.DividendServiceApplication - Started DividendServiceApplication in 6.861 seconds (JVM running for 7.727)
13:06:49.028 [http-nio-8080-exec-2] INFO  o.a.c.c.C.[Tomcat].[localhost].[/] - Initializing Spring DispatcherServlet 'dispatcherServlet'
13:06:49.028 [http-nio-8080-exec-2] INFO  o.s.web.servlet.DispatcherServlet - Initializing Servlet 'dispatcherServlet'
13:06:49.030 [http-nio-8080-exec-2] INFO  o.s.web.servlet.DispatcherServlet - Completed initialization in 1 ms
13:06:57.214 [http-nio-8080-exec-3] INFO  c.r.d.controller.AuthController - user login -> jenny
13:07:06.826 [http-nio-8080-exec-4] INFO  c.r.d.s.JwtAuthenticationFilter - [jenny] -> /company
13:07:13.424 [http-nio-8080-exec-5] INFO  c.r.d.s.impl.FinanceServiceImpl - search company -> 3M Company
13:10:45.420 [SpringApplicationShutdownHook] INFO  o.s.o.j.LocalContainerEntityManagerFactoryBean - Closing JPA EntityManagerFactory for persistence unit 'default'
13:10:45.426 [SpringApplicationShutdownHook] INFO  com.zaxxer.hikari.HikariDataSource - HikariPool-1 - Shutdown initiated...
13:10:45.431 [SpringApplicationShutdownHook] INFO  com.zaxxer.hikari.HikariDataSource - HikariPool-1 - Shutdown completed.
01:33:12.907 [main] INFO  c.r.d.DividendServiceApplication - Starting DividendServiceApplication using Java 11.0.16 on MacBook-Pro.local with PID 40278 (/Users/sora/dev/dividend_service/build/classes/java/main started by sora in /Users/sora/dev/dividend_service)
01:33:12.911 [main] INFO  c.r.d.DividendServiceApplication - No active profile set, falling back to 1 default profile: "default"
01:33:14.329 [main] INFO  o.s.d.r.c.RepositoryConfigurationDelegate - Multiple Spring Data modules found, entering strict repository configuration mode
01:33:14.329 [main] INFO  o.s.d.r.c.RepositoryConfigurationDelegate - Bootstrapping Spring Data JPA repositories in DEFAULT mode.
01:33:14.418 [main] INFO  o.s.d.r.c.RepositoryConfigurationDelegate - Finished Spring Data repository scanning in 81 ms. Found 3 JPA repository interfaces.
01:33:14.435 [main] INFO  o.s.d.r.c.RepositoryConfigurationDelegate - Multiple Spring Data modules found, entering strict repository configuration mode
01:33:14.437 [main] INFO  o.s.d.r.c.RepositoryConfigurationDelegate - Bootstrapping Spring Data Redis repositories in DEFAULT mode.
01:33:14.453 [main] INFO  o.s.d.r.c.RepositoryConfigurationExtensionSupport - Spring Data Redis - Could not safely identify store assignment for repository candidate interface com.rara.dividend.persist.repository.CompanyRepository; If you want this repository to be a Redis repository, consider annotating your entities with one of these annotations: org.springframework.data.redis.core.RedisHash (preferred), or consider extending one of the following types with your repository: org.springframework.data.keyvalue.repository.KeyValueRepository
01:33:14.455 [main] INFO  o.s.d.r.c.RepositoryConfigurationExtensionSupport - Spring Data Redis - Could not safely identify store assignment for repository candidate interface com.rara.dividend.persist.repository.DividendRepository; If you want this repository to be a Redis repository, consider annotating your entities with one of these annotations: org.springframework.data.redis.core.RedisHash (preferred), or consider extending one of the following types with your repository: org.springframework.data.keyvalue.repository.KeyValueRepository
01:33:14.457 [main] INFO  o.s.d.r.c.RepositoryConfigurationExtensionSupport - Spring Data Redis - Could not safely identify store assignment for repository candidate interface com.rara.dividend.persist.repository.MemberRepository; If you want this repository to be a Redis repository, consider annotating your entities with one of these annotations: org.springframework.data.redis.core.RedisHash (preferred), or consider extending one of the following types with your repository: org.springframework.data.keyvalue.repository.KeyValueRepository
01:33:14.457 [main] INFO  o.s.d.r.c.RepositoryConfigurationDelegate - Finished Spring Data repository scanning in 11 ms. Found 0 Redis repository interfaces.
01:33:15.038 [main] INFO  o.s.b.w.e.tomcat.TomcatWebServer - Tomcat initialized with port(s): 8080 (http)
01:33:15.044 [main] INFO  o.a.coyote.http11.Http11NioProtocol - Initializing ProtocolHandler ["http-nio-8080"]
01:33:15.045 [main] INFO  o.a.catalina.core.StandardService - Starting service [Tomcat]
01:33:15.045 [main] INFO  o.a.catalina.core.StandardEngine - Starting Servlet engine: [Apache Tomcat/9.0.65]
01:33:15.121 [main] INFO  o.a.c.c.C.[Tomcat].[localhost].[/] - Initializing Spring embedded WebApplicationContext
01:33:15.121 [main] INFO  o.s.b.w.s.c.ServletWebServerApplicationContext - Root WebApplicationContext: initialization completed in 2152 ms
01:33:15.150 [main] INFO  com.zaxxer.hikari.HikariDataSource - HikariPool-1 - Starting...
01:33:15.239 [main] INFO  com.zaxxer.hikari.HikariDataSource - HikariPool-1 - Start completed.
01:33:15.250 [main] INFO  o.s.b.a.h.H2ConsoleAutoConfiguration - H2 console available at '/h2-console'. Database available at 'jdbc:h2:mem:zerobase'
01:33:15.378 [main] INFO  o.h.jpa.internal.util.LogHelper - HHH000204: Processing PersistenceUnitInfo [name: default]
01:33:15.405 [main] INFO  org.hibernate.Version - HHH000412: Hibernate ORM core version 5.6.10.Final
01:33:15.500 [main] INFO  o.h.annotations.common.Version - HCANN000001: Hibernate Commons Annotations {5.1.2.Final}
01:33:15.566 [main] INFO  org.hibernate.dialect.Dialect - HHH000400: Using dialect: org.hibernate.dialect.H2Dialect
01:33:15.985 [main] INFO  o.h.e.t.j.p.i.JtaPlatformInitiator - HHH000490: Using JtaPlatform implementation: [org.hibernate.engine.transaction.jta.platform.internal.NoJtaPlatform]
01:33:15.991 [main] INFO  o.s.o.j.LocalContainerEntityManagerFactoryBean - Initialized JPA EntityManagerFactory for persistence unit 'default'
01:33:16.717 [main] WARN  o.s.b.a.o.j.JpaBaseConfiguration$JpaWebConfiguration - spring.jpa.open-in-view is enabled by default. Therefore, database queries may be performed during view rendering. Explicitly configure spring.jpa.open-in-view to disable this warning
01:33:17.167 [main] WARN  o.s.s.c.a.web.builders.WebSecurity - You are asking Spring Security to ignore Ant [pattern='/h2-console/**']. This is not recommended -- please use permitAll via HttpSecurity#authorizeHttpRequests instead.
01:33:17.168 [main] INFO  o.s.s.web.DefaultSecurityFilterChain - Will not secure Ant [pattern='/h2-console/**']
01:33:17.199 [main] INFO  o.s.s.web.DefaultSecurityFilterChain - Will secure any request with [org.springframework.security.web.session.DisableEncodeUrlFilter@58a5b69c, org.springframework.security.web.context.request.async.WebAsyncManagerIntegrationFilter@3b22bcad, org.springframework.security.web.context.SecurityContextPersistenceFilter@57f1fbae, org.springframework.security.web.header.HeaderWriterFilter@77737e3e, org.springframework.security.web.authentication.logout.LogoutFilter@1cd853ee, com.rara.dividend.security.JwtAuthenticationFilter@489b7559, org.springframework.security.web.savedrequest.RequestCacheAwareFilter@289b7efe, org.springframework.security.web.servletapi.SecurityContextHolderAwareRequestFilter@72924f19, org.springframework.security.web.authentication.AnonymousAuthenticationFilter@735dc133, org.springframework.security.web.session.SessionManagementFilter@1ddc5857, org.springframework.security.web.access.ExceptionTranslationFilter@5cb3cfef, org.springframework.security.web.access.intercept.AuthorizationFilter@30d3f583]
01:33:17.616 [main] INFO  o.a.coyote.http11.Http11NioProtocol - Starting ProtocolHandler ["http-nio-8080"]
01:33:17.640 [main] INFO  o.s.b.w.e.tomcat.TomcatWebServer - Tomcat started on port(s): 8080 (http) with context path ''
01:33:17.686 [main] INFO  c.r.d.DividendServiceApplication - Started DividendServiceApplication in 5.738 seconds (JVM running for 6.484)
01:37:42.047 [SpringApplicationShutdownHook] INFO  o.s.o.j.LocalContainerEntityManagerFactoryBean - Closing JPA EntityManagerFactory for persistence unit 'default'
01:37:42.050 [SpringApplicationShutdownHook] INFO  com.zaxxer.hikari.HikariDataSource - HikariPool-1 - Shutdown initiated...
01:37:42.055 [SpringApplicationShutdownHook] INFO  com.zaxxer.hikari.HikariDataSource - HikariPool-1 - Shutdown completed.
01:37:45.373 [main] INFO  c.r.d.DividendServiceApplication - Starting DividendServiceApplication using Java 11.0.16 on MacBook-Pro.local with PID 40853 (/Users/sora/dev/dividend_service/build/classes/java/main started by sora in /Users/sora/dev/dividend_service)
01:37:45.378 [main] INFO  c.r.d.DividendServiceApplication - No active profile set, falling back to 1 default profile: "default"
01:37:46.132 [main] INFO  o.s.d.r.c.RepositoryConfigurationDelegate - Multiple Spring Data modules found, entering strict repository configuration mode
01:37:46.133 [main] INFO  o.s.d.r.c.RepositoryConfigurationDelegate - Bootstrapping Spring Data JPA repositories in DEFAULT mode.
01:37:46.185 [main] INFO  o.s.d.r.c.RepositoryConfigurationDelegate - Finished Spring Data repository scanning in 47 ms. Found 3 JPA repository interfaces.
01:37:46.196 [main] INFO  o.s.d.r.c.RepositoryConfigurationDelegate - Multiple Spring Data modules found, entering strict repository configuration mode
01:37:46.197 [main] INFO  o.s.d.r.c.RepositoryConfigurationDelegate - Bootstrapping Spring Data Redis repositories in DEFAULT mode.
01:37:46.206 [main] INFO  o.s.d.r.c.RepositoryConfigurationExtensionSupport - Spring Data Redis - Could not safely identify store assignment for repository candidate interface com.rara.dividend.persist.repository.CompanyRepository; If you want this repository to be a Redis repository, consider annotating your entities with one of these annotations: org.springframework.data.redis.core.RedisHash (preferred), or consider extending one of the following types with your repository: org.springframework.data.keyvalue.repository.KeyValueRepository
01:37:46.207 [main] INFO  o.s.d.r.c.RepositoryConfigurationExtensionSupport - Spring Data Redis - Could not safely identify store assignment for repository candidate interface com.rara.dividend.persist.repository.DividendRepository; If you want this repository to be a Redis repository, consider annotating your entities with one of these annotations: org.springframework.data.redis.core.RedisHash (preferred), or consider extending one of the following types with your repository: org.springframework.data.keyvalue.repository.KeyValueRepository
01:37:46.209 [main] INFO  o.s.d.r.c.RepositoryConfigurationExtensionSupport - Spring Data Redis - Could not safely identify store assignment for repository candidate interface com.rara.dividend.persist.repository.MemberRepository; If you want this repository to be a Redis repository, consider annotating your entities with one of these annotations: org.springframework.data.redis.core.RedisHash (preferred), or consider extending one of the following types with your repository: org.springframework.data.keyvalue.repository.KeyValueRepository
01:37:46.209 [main] INFO  o.s.d.r.c.RepositoryConfigurationDelegate - Finished Spring Data repository scanning in 6 ms. Found 0 Redis repository interfaces.
01:37:46.688 [main] INFO  o.s.b.w.e.tomcat.TomcatWebServer - Tomcat initialized with port(s): 8080 (http)
01:37:46.695 [main] INFO  o.a.coyote.http11.Http11NioProtocol - Initializing ProtocolHandler ["http-nio-8080"]
01:37:46.696 [main] INFO  o.a.catalina.core.StandardService - Starting service [Tomcat]
01:37:46.696 [main] INFO  o.a.catalina.core.StandardEngine - Starting Servlet engine: [Apache Tomcat/9.0.65]
01:37:46.773 [main] INFO  o.a.c.c.C.[Tomcat].[localhost].[/] - Initializing Spring embedded WebApplicationContext
01:37:46.773 [main] INFO  o.s.b.w.s.c.ServletWebServerApplicationContext - Root WebApplicationContext: initialization completed in 1366 ms
01:37:46.802 [main] INFO  com.zaxxer.hikari.HikariDataSource - HikariPool-1 - Starting...
01:37:46.894 [main] INFO  com.zaxxer.hikari.HikariDataSource - HikariPool-1 - Start completed.
01:37:46.914 [main] INFO  o.s.b.a.h.H2ConsoleAutoConfiguration - H2 console available at '/h2-console'. Database available at 'jdbc:h2:mem:zerobase'
01:37:47.040 [main] INFO  o.h.jpa.internal.util.LogHelper - HHH000204: Processing PersistenceUnitInfo [name: default]
01:37:47.068 [main] INFO  org.hibernate.Version - HHH000412: Hibernate ORM core version 5.6.10.Final
01:37:47.157 [main] INFO  o.h.annotations.common.Version - HCANN000001: Hibernate Commons Annotations {5.1.2.Final}
01:37:47.235 [main] INFO  org.hibernate.dialect.Dialect - HHH000400: Using dialect: org.hibernate.dialect.H2Dialect
01:37:47.634 [main] INFO  o.h.e.t.j.p.i.JtaPlatformInitiator - HHH000490: Using JtaPlatform implementation: [org.hibernate.engine.transaction.jta.platform.internal.NoJtaPlatform]
01:37:47.639 [main] INFO  o.s.o.j.LocalContainerEntityManagerFactoryBean - Initialized JPA EntityManagerFactory for persistence unit 'default'
01:37:48.177 [main] WARN  o.s.b.a.o.j.JpaBaseConfiguration$JpaWebConfiguration - spring.jpa.open-in-view is enabled by default. Therefore, database queries may be performed during view rendering. Explicitly configure spring.jpa.open-in-view to disable this warning
01:37:48.562 [main] WARN  o.s.s.c.a.web.builders.WebSecurity - You are asking Spring Security to ignore Ant [pattern='/h2-console/**']. This is not recommended -- please use permitAll via HttpSecurity#authorizeHttpRequests instead.
01:37:48.562 [main] INFO  o.s.s.web.DefaultSecurityFilterChain - Will not secure Ant [pattern='/h2-console/**']
01:37:48.589 [main] INFO  o.s.s.web.DefaultSecurityFilterChain - Will secure any request with [org.springframework.security.web.session.DisableEncodeUrlFilter@5dd5422f, org.springframework.security.web.context.request.async.WebAsyncManagerIntegrationFilter@158b8d10, org.springframework.security.web.context.SecurityContextPersistenceFilter@42e32feb, org.springframework.security.web.header.HeaderWriterFilter@2d7df55, org.springframework.security.web.authentication.logout.LogoutFilter@2719139f, com.rara.dividend.security.JwtAuthenticationFilter@28f3a218, org.springframework.security.web.savedrequest.RequestCacheAwareFilter@6b6cf3c1, org.springframework.security.web.servletapi.SecurityContextHolderAwareRequestFilter@15e881c0, org.springframework.security.web.authentication.AnonymousAuthenticationFilter@e594c46, org.springframework.security.web.session.SessionManagementFilter@197da701, org.springframework.security.web.access.ExceptionTranslationFilter@4f09d998, org.springframework.security.web.access.intercept.AuthorizationFilter@58fbecde]
01:37:48.975 [main] INFO  o.a.coyote.http11.Http11NioProtocol - Starting ProtocolHandler ["http-nio-8080"]
01:37:48.999 [main] INFO  o.s.b.w.e.tomcat.TomcatWebServer - Tomcat started on port(s): 8080 (http) with context path ''
01:37:49.040 [main] INFO  c.r.d.DividendServiceApplication - Started DividendServiceApplication in 4.008 seconds (JVM running for 4.604)
